Removed Pin From Net: NetName=Output Pin=Output-1
Removed Pin From Net: NetName=VSupply Pin=Supply-1
Removed Pin From Net: NetName=GND Pin=Supply-2
Removed Member From Class: ClassName=Sheet1 Member=Output
Removed Member From Class: ClassName=Sheet1 Member=Supply
Added Component: Designator=Terminal(PHOENIX_1935174)
Add component (AddParameter): Name = "Availability"; Value = "Unavailable"; VariantName = "[No Variations]"
Add component (AddParameter): Name = "MF"; Value = "{'manufacturer': u'Phoenix Contact'}"; VariantName = "[No Variations]"
Add component (AddParameter): Name = "MP"; Value = "1935174"; VariantName = "[No Variations]"
Add component (AddParameter): Name = "Package"; Value = "None"; VariantName = "[No Variations]"
Add component (AddParameter): Name = "Price"; Value = "None"; VariantName = "[No Variations]"
Add component (AddParameter): Name = "Value"; Value = ""; VariantName = "[No Variations]"
Added Pin To Net: NetName=VIN+ Pin=3.3k-1
Added Pin To Net: NetName=VIN+ Pin=Honeywell FS-3
Added Pin To Net: NetName=VIN+ Pin=INA156-2
Added Pin To Net: NetName=VIN+ Pin=INA156-8
Added Pin To Net: NetName=VSupply Pin=Terminal-1
Added Pin To Net: NetName=GND Pin=Terminal-2
Added Pin To Net: NetName=Output Pin=Terminal-3
Added Member To Class: ClassName=Sheet1 Member=Component Terminal 1935174
