Added Component: Designator=3.3k(RES_WR04_WRE)
Add component (AddParameter): Name = "Digi-Key_Part_Number_1"; Value = "1292-WR04X3301FTLTR-ND"; VariantName = "[No Variations]"
Add component (AddParameter): Name = "Digi-Key_Part_Number_2"; Value = "1292-WR04X3301FTLCT-ND"; VariantName = "[No Variations]"
Add component (AddParameter): Name = "Digi-Key_Part_Number_3"; Value = "1292-WR04X3301FTLDKR-ND"; VariantName = "[No Variations]"
Add component (AddParameter): Name = "Mfr_Name"; Value = "Walsin"; VariantName = "[No Variations]"
Add component (AddParameter): Name = "RefDes"; Value = ""; VariantName = "[No Variations]"
Add component (AddParameter): Name = "Type"; Value = ""; VariantName = "[No Variations]"
Added Component: Designator=Honeywell FS(FSS010 - duplicate)
Add component (AddParameter): Name = "Category"; Value = "Sensors"; VariantName = "[No Variations]"
Add component (AddParameter): Name = "ComponentLink1Description"; Value = "http://sensing.honeywell.com/index.php?ci_id=44994&src-supplier=Digi-Key"; VariantName = "[No Variations]"
Add component (AddParameter): Name = "ComponentLink1URL"; Value = "http://sensing.honeywell.com/index.php?ci_id=44994&src-supplier=Digi-Key"; VariantName = "[No Variations]"
Add component (AddParameter): Name = "ComponentLink2Description"; Value = "http://sensing.honeywell.com/index.php?ci_id=50144&src-supplier=Mouser"; VariantName = "[No Variations]"
Add component (AddParameter): Name = "ComponentLink2URL"; Value = "http://sensing.honeywell.com/index.php?ci_id=50144&src-supplier=Mouser"; VariantName = "[No Variations]"
Add component (AddParameter): Name = "Manufacturer"; Value = "Honeywell Sensing & Control"; VariantName = "[No Variations]"
Add component (AddParameter): Name = "Manufacturer Part Number"; Value = "FSS010WNGR"; VariantName = "[No Variations]"
Add component (AddParameter): Name = "Pricing"; Value = "25=88.7196 (USD)"; VariantName = "[No Variations]"
Add component (AddParameter): Name = "RoHS"; Value = "Yes"; VariantName = "[No Variations]"
Add component (AddParameter): Name = "Supplier"; Value = "Digi-Key"; VariantName = "[No Variations]"
Add component (AddParameter): Name = "Supplier Part Number"; Value = "FSS010WNGR-ND"; VariantName = "[No Variations]"
Added Component: Designator=Supply(Supply terminal)
Added Component: Designator=U?(SOP65P490X110-8N)
Add component (AddParameter): Name = "Availability"; Value = "Unavailable"; VariantName = "[No Variations]"
Add component (AddParameter): Name = "MF"; Value = ""; VariantName = "[No Variations]"
Add component (AddParameter): Name = "MP"; Value = "INA156EA/2K5"; VariantName = "[No Variations]"
Add component (AddParameter): Name = "Package"; Value = "None"; VariantName = "[No Variations]"
Add component (AddParameter): Name = "Price"; Value = "None"; VariantName = "[No Variations]"
Add component (AddParameter): Name = "Value"; Value = ""; VariantName = "[No Variations]"
Added Pin To Net: NetName=GND Pin=Honeywell FS-4
Added Pin To Net: NetName=GND Pin=Supply-2
Added Pin To Net: NetName=GND Pin=U?-5
Added Net: Name=GND
Added Pin To Net: NetName=Net3.3k_1 Pin=3.3k-1
Added Pin To Net: NetName=Net3.3k_1 Pin=U?-8
Added Net: Name=Net3.3k_1
Added Pin To Net: NetName=Net3.3k_2 Pin=3.3k-2
Added Pin To Net: NetName=Net3.3k_2 Pin=U?-1
Added Net: Name=Net3.3k_2
Added Pin To Net: NetName=Output Pin=U?-6
Added Net: Name=Output
Added Pin To Net: NetName=VIN+ Pin=Honeywell FS-1
Added Pin To Net: NetName=VIN+ Pin=U?-3
Added Net: Name=VIN+
Added Pin To Net: NetName=VIN- Pin=Honeywell FS-3
Added Pin To Net: NetName=VIN- Pin=U?-2
Added Net: Name=VIN-
Added Pin To Net: NetName=VSupply Pin=Honeywell FS-2
Added Pin To Net: NetName=VSupply Pin=Supply-1
Added Pin To Net: NetName=VSupply Pin=U?-7
Added Net: Name=VSupply
Added Class: Name=Sheet1
